timestamp: 2020-04-26T14:26:55.229214
CREATE TABLE "py4web_session"(
    "id" INTEGER PRIMARY KEY AUTOINCREMENT,
    "rkey" CHAR(512),
    "rvalue" TEXT,
    "expiration" INTEGER,
    "created_on" TIMESTAMP,
    "expires_on" TIMESTAMP
);
success!
timestamp: 2020-04-26T14:26:55.239216
CREATE TABLE "auth_user"(
    "id" INTEGER PRIMARY KEY AUTOINCREMENT,
    "email" CHAR(512) UNIQUE,
    "password" CHAR(512),
    "first_name" CHAR(512),
    "last_name" CHAR(512),
    "sso_id" CHAR(512),
    "action_token" CHAR(512)
);
success!
timestamp: 2020-04-26T14:26:55.246222
CREATE TABLE "auth_user_tag_groups"(
    "id" INTEGER PRIMARY KEY AUTOINCREMENT,
    "path" CHAR(512),
    "record_id" INTEGER REFERENCES "auth_user" ("id") ON DELETE CASCADE  
);
success!
timestamp: 2020-04-27T20:49:20.477263
CREATE TABLE "contact"(
    "id" INTEGER PRIMARY KEY AUTOINCREMENT,
    "First_Name" CHAR(512),
    "Last_Name" CHAR(512),
    "user_email" CHAR(512)
);
success!
timestamp: 2020-05-04T16:04:26.975176
CREATE TABLE "phone"(
    "id" INTEGER PRIMARY KEY AUTOINCREMENT,
    "phone_number" CHAR(512),
    "phone_name" CHAR(512),
    "person_id" CHAR(512)
);
success!
success!
success!
timestamp: 2020-05-05T16:02:26.032421
ALTER TABLE "phone" ADD "user_email" CHAR(512);
success!
success!
timestamp: 2020-05-11T22:10:52.217794
ALTER TABLE "auth_user" ADD "last_password_change" TIMESTAMP;
success!
